<?xml version="1.0" encoding="UTF-8"?>
<!-- Generated by org.testng.reporters.JUnitXMLReporter -->
<testsuite ignored="0" hostname="iam" failures="0" tests="5" name="Calculator Testing" time="0.14" errors="0" timestamp="2022-08-05T10:18:50 CDT">
  <testcase classname="CalculatorTest" name="shouldAddTwoNumbers" time="0.009"/>
  <testcase classname="CalculatorTest" name="shouldDivideTwoNumbers" time="0.001"/>
  <testcase classname="CalculatorTest" name="shouldMultiplyTwoNumbers" time="0.001"/>
  <testcase classname="CalculatorTest" name="shouldSubtractTwoNumbers" time="0.001"/>
  <testcase classname="CalculatorTest" name="shouldThrowsInvalidDivisionException" time="0.005"/>
</testsuite> <!-- Calculator Testing -->
