<?xml version="1.0" encoding="UTF-8"?>
<testng-results ignored="0" total="5" passed="5" failed="0" skipped="0">
  <reporter-output>
  </reporter-output>
  <suite started-at="2022-08-05T10:18:50 CDT" name="CalculatorTest" finished-at="2022-08-05T10:18:50 CDT" duration-ms="140">
    <groups>
    </groups>
    <test started-at="2022-08-05T10:18:50 CDT" name="Calculator Testing" finished-at="2022-08-05T10:18:50 CDT" duration-ms="140">
      <class name="CalculatorTest">
        <test-method is-config="true" signature="createCalculator()[pri:0, instance:CalculatorTest@5dd6264]" started-at="2022-08-05T10:18:50 CDT" name="createCalculator" finished-at="2022-08-05T10:18:50 CDT" duration-ms="20" status="PASS">
          <reporter-output>
          </reporter-output>
        </test-method> <!-- createCalculator -->
        <test-method signature="shouldAddTwoNumbers()[pri:0, instance:CalculatorTest@5dd6264]" started-at="2022-08-05T10:18:50 CDT" name="shouldAddTwoNumbers" finished-at="2022-08-05T10:18:50 CDT" duration-ms="9" status="PASS">
          <reporter-output>
          </reporter-output>
        </test-method> <!-- shouldAddTwoNumbers -->
        <test-method is-config="true" signature="createCalculator()[pri:0, instance:CalculatorTest@5dd6264]" started-at="2022-08-05T10:18:50 CDT" name="createCalculator" finished-at="2022-08-05T10:18:50 CDT" duration-ms="1" status="PASS">
          <reporter-output>
          </reporter-output>
        </test-method> <!-- createCalculator -->
        <test-method signature="shouldDivideTwoNumbers()[pri:0, instance:CalculatorTest@5dd6264]" started-at="2022-08-05T10:18:50 CDT" name="shouldDivideTwoNumbers" finished-at="2022-08-05T10:18:50 CDT" duration-ms="1" status="PASS">
          <reporter-output>
          </reporter-output>
        </test-method> <!-- shouldDivideTwoNumbers -->
        <test-method signature="shouldMultiplyTwoNumbers()[pri:0, instance:CalculatorTest@5dd6264]" started-at="2022-08-05T10:18:50 CDT" name="shouldMultiplyTwoNumbers" finished-at="2022-08-05T10:18:50 CDT" duration-ms="1" status="PASS">
          <reporter-output>
          </reporter-output>
        </test-method> <!-- shouldMultiplyTwoNumbers -->
        <test-method is-config="true" signature="createCalculator()[pri:0, instance:CalculatorTest@5dd6264]" started-at="2022-08-05T10:18:50 CDT" name="createCalculator" finished-at="2022-08-05T10:18:50 CDT" duration-ms="0" status="PASS">
          <reporter-output>
          </reporter-output>
        </test-method> <!-- createCalculator -->
        <test-method signature="shouldSubtractTwoNumbers()[pri:0, instance:CalculatorTest@5dd6264]" started-at="2022-08-05T10:18:50 CDT" name="shouldSubtractTwoNumbers" finished-at="2022-08-05T10:18:50 CDT" duration-ms="1" status="PASS">
          <reporter-output>
          </reporter-output>
        </test-method> <!-- shouldSubtractTwoNumbers -->
        <test-method is-config="true" signature="createCalculator()[pri:0, instance:CalculatorTest@5dd6264]" started-at="2022-08-05T10:18:50 CDT" name="createCalculator" finished-at="2022-08-05T10:18:50 CDT" duration-ms="0" status="PASS">
          <reporter-output>
          </reporter-output>
        </test-method> <!-- createCalculator -->
        <test-method is-config="true" signature="createCalculator()[pri:0, instance:CalculatorTest@5dd6264]" started-at="2022-08-05T10:18:50 CDT" name="createCalculator" finished-at="2022-08-05T10:18:50 CDT" duration-ms="1" status="PASS">
          <reporter-output>
          </reporter-output>
        </test-method> <!-- createCalculator -->
        <test-method signature="shouldThrowsInvalidDivisionException()[pri:0, instance:CalculatorTest@5dd6264]" started-at="2022-08-05T10:18:50 CDT" name="shouldThrowsInvalidDivisionException" finished-at="2022-08-05T10:18:50 CDT" duration-ms="5" status="PASS">
          <reporter-output>
          </reporter-output>
        </test-method> <!-- shouldThrowsInvalidDivisionException -->
      </class> <!-- CalculatorTest -->
    </test> <!-- Calculator Testing -->
  </suite> <!-- CalculatorTest -->
</testng-results>
