<?xml version="1.0" encoding="UTF-8"?>
<testng-results ignored="0" total="1" passed="1" failed="0" skipped="0">
  <reporter-output>
  </reporter-output>
  <suite started-at="2022-08-03T10:49:05 CDT" name="MavenTesting" finished-at="2022-08-03T10:49:05 CDT" duration-ms="112">
    <groups>
    </groups>
    <test started-at="2022-08-03T10:49:05 CDT" name="Maven Testing" finished-at="2022-08-03T10:49:05 CDT" duration-ms="112">
      <class name="MavenTesting">
        <test-method signature="shouldAddTwoNumbers()[pri:0, instance:MavenTesting@45018215]" started-at="2022-08-03T10:49:05 CDT" name="shouldAddTwoNumbers" finished-at="2022-08-03T10:49:05 CDT" duration-ms="27" status="PASS">
          <reporter-output>
          </reporter-output>
        </test-method> <!-- shouldAddTwoNumbers -->
      </class> <!-- MavenTesting -->
    </test> <!-- Maven Testing -->
  </suite> <!-- MavenTesting -->
</testng-results>
